[debug] [2021-04-03T13:56:19.744Z] ----------------------------------------------------------------------
[debug] [2021-04-03T13:56:19.746Z] Command:       C:\Program Files\nodejs\node.exe C:\Users\Administrator\AppData\Roaming\npm\node_modules\firebase-tools\lib\bin\firebase.js init
[debug] [2021-04-03T13:56:19.746Z] CLI Version:   9.8.0
[debug] [2021-04-03T13:56:19.746Z] Platform:      win32
[debug] [2021-04-03T13:56:19.746Z] Node Version:  v14.15.1
[debug] [2021-04-03T13:56:19.747Z] Time:          Sat Apr 03 2021 21:56:19 GMT+0800 (Singapore Standard Time)
[debug] [2021-04-03T13:56:19.747Z] ----------------------------------------------------------------------
[debug] 
[debug] [2021-04-03T13:56:19.751Z] > command requires scopes: ["email","openid","https://www.googleapis.com/auth/cloudplatformprojects.readonly","https://www.googleapis.com/auth/firebase","https://www.googleapis.com/auth/cloud-platform"]
[debug] [2021-04-03T13:56:19.751Z] > authorizing via signed-in user
[info] 
     ######## #### ########  ######## ########     ###     ######  ########
     ##        ##  ##     ## ##       ##     ##  ##   ##  ##       ##
     ######    ##  ########  ######   ########  #########  ######  ######
     ##        ##  ##    ##  ##       ##     ## ##     ##       ## ##
     ##       #### ##     ## ######## ########  ##     ##  ######  ########

You're about to initialize a Firebase project in this directory:

  C:\Users\Administrator\Documents\GitHub\PokemonApp

[info] 
=== Project Setup
[info] 
[info] First, let's associate this project directory with a Firebase project.
[info] You can create multiple project aliases by running firebase use --add, 
[info] but for now we'll just set up a default project.
[info] 
